<?xml version="1.0" encoding="UTF-8"?>
<testng-results ignored="0" total="1" passed="1" failed="0" skipped="0">
  <reporter-output>
  </reporter-output>
  <suite started-at="2023-12-05T21:16:11 IST" name="Suite" finished-at="2023-12-05T21:16:18 IST" duration-ms="6835">
    <groups>
    </groups>
    <test started-at="2023-12-05T21:16:11 IST" name="Test" finished-at="2023-12-05T21:16:18 IST" duration-ms="6835">
      <class name="com.amazon.testrunner.LoginAmazonTest">
        <test-method is-config="true" signature="setUp()[pri:0, instance:com.amazon.testrunner.LoginAmazonTest@1fa268de]" started-at="2023-12-05T21:16:11 IST" name="setUp" finished-at="2023-12-05T21:16:14 IST" duration-ms="2911" status="PASS">
          <reporter-output>
          </reporter-output>
        </test-method> <!-- setUp -->
        <test-method signature="AM_01()[pri:0, instance:com.amazon.testrunner.LoginAmazonTest@1fa268de]" started-at="2023-12-05T21:16:14 IST" name="AM_01" finished-at="2023-12-05T21:16:18 IST" duration-ms="3716" status="PASS">
          <reporter-output>
          </reporter-output>
        </test-method> <!-- AM_01 -->
        <test-method is-config="true" signature="tearDown()[pri:0, instance:com.amazon.testrunner.LoginAmazonTest@1fa268de]" started-at="2023-12-05T21:16:18 IST" name="tearDown" finished-at="2023-12-05T21:16:18 IST" duration-ms="169" status="PASS">
          <reporter-output>
          </reporter-output>
        </test-method> <!-- tearDown -->
      </class> <!-- com.amazon.testrunner.LoginAmazonTest -->
    </test> <!-- Test -->
  </suite> <!-- Suite -->
</testng-results>
